<?xml version="1.0" encoding="UTF-8"?>
<!-- Generated by org.testng.reporters.JUnitReportReporter -->
<testsuite hostname="Vaishnavi6" failures="0" tests="1" name="runner.Testrun" time="91.982" errors="0" timestamp="2024-08-07T15:41:40 IST" skipped="0">
  <testcase classname="runner.Testrun" name="runScenario" time="91.982"/>
</testsuite> <!-- runner.Testrun -->
